[32m2024-02-13 13:04:43 [MyApp] info: [1m[33mServer running in development mode on port 5000[32m[22m[39m
[32m2024-02-13 13:04:44 [MyApp] info: [1m[33mServer running in development mode on port 5000[32m[22m[39m
[32m2024-02-13 13:04:46 [MyApp] info: MongoDB connected successfully in [39m
[32m	{ DB_URL::ac-dgrcowq-shard-00-00.qtazrqx.mongodb.net }[39m
[32m13-02-13 13:05:34 [MyApp] info: [1m[33mServer running in development mode on port 5000[32m[22m[39m
[32m13-02-13 13:05:37 [MyApp] info: MongoDB connected successfully in [39m
[32m	{ DB_URL::ac-dgrcowq-shard-00-00.qtazrqx.mongodb.net }[39m
[32m13-02- 13:05:40 [MyApp] info: [1m[33mServer running in development mode on port 5000[32m[22m[39m
[32m13-02-2024 13:05:43 [MyApp] info: [1m[33mServer running in development mode on port 5000[32m[22m[39m
[32m13-02-2024 13:05:46 [MyApp] info: [1m[33mServer running in development mode on port 5000[32m[22m[39m
[32m13-02-2024 13:05:48 [MyApp] info: MongoDB connected successfully in [39m
[32m	{ DB_URL::ac-dgrcowq-shard-00-00.qtazrqx.mongodb.net }[39m
[32m13-02-2024 13:08:00 [movie-a[[] info: [1m[33mServer running in development mode on port 5000[32m[22m[39m
[32m13-02-2024 13:08:02 [movie-a[[] info: MongoDB connected successfully in [39m
[32m	{ DB_URL::ac-dgrcowq-shard-00-00.qtazrqx.mongodb.net }[39m
[32m13-02-2024 13:08:03 [movie-app] info: [1m[33mServer running in development mode on port 5000[32m[22m[39m
[32m13-02-2024 13:08:05 [movie-app] info: MongoDB connected successfully in [39m
[32m	{ DB_URL::ac-dgrcowq-shard-00-00.qtazrqx.mongodb.net }[39m
[32m13-02-2024 13:09:44 [movie-app] info: [1m[33mServer running in development mode on port 5000[32m[22m[39m
[32m13-02-2024 13:09:46 [movie-app] info: [1m[33mServer running in development mode on port 5000[32m[22m[39m
[32m13-02-2024 13:09:50 [movie-app] info: MongoDB connected successfully in [39m
[32m	{ DB_URL::ac-dgrcowq-shard-00-00.qtazrqx.mongodb.net }[39m
[32m13-02-2024 13:10:59 [movie-app] info: [1m[33mServer running in development mode on port 5000[32m[22m[39m
[32m13-02-2024 13:11:26 [movie-app] info: [1m[33mServer running in development mode on port 5000[32m[22m[39m
[32m13-02-2024 13:13:10 [movie-app] info: [1m[33mServer running in development mode on port 5000[32m[22m[39m
[32m13-02-2024 13:13:13 [movie-app] info: [1m[33mServer running in development mode on port 5000[32m[22m[39m
[32m13-02-2024 13:13:25 [movie-app] info: [1m[33mServer running in development mode on port 5000[32m[22m[39m
[32m13-02-2024 13:13:34 [movie-app] info: [1m[33mServer running in development mode on port 5000[32m[22m[39m
[32m13-02-2024 13:13:39 [movie-app] info: [1m[33mServer running in development mode on port 5000[32m[22m[39m
[32m13-02-2024 15:17:51 [movie-app] info: [1m[33mServer running in development mode on port 5000[32m[22m[39m
[32m13-02-2024 15:18:10 [movie-app] info: [1m[33mServer running in development mode on port 5000[32m[22m[39m
[32m13-02-2024 15:18:19 [movie-app] info: [1m[33mServer running in development mode on port 5000[32m[22m[39m
[32m13-02-2024 15:18:42 [movie-app] info: [1m[33mServer running in development mode on port 5000[32m[22m[39m
[32m13-02-2024 15:18:47 [movie-app] info: [1m[33mServer running in development mode on port 5000[32m[22m[39m
[32m13-02-2024 15:18:49 [movie-app] info: [1m[33mServer running in development mode on port 5000[32m[22m[39m
[32m13-02-2024 15:18:53 [movie-app] info: [1m[33mServer running in development mode on port 5000[32m[22m[39m
[32m13-02-2024 16:05:05 [movie-app] info: undefined[39m
[32m13-02-2024 16:05:08 [movie-app] info: Server running in development mode on port 5000[39m
[32m13-02-2024 16:05:19 [movie-app] info: Server running in development mode on port 5000[39m
[32m13-02-2024 16:05:41 [movie-app] info: Server running in development mode on port 5000[39m
